<?xml version="1.0"?>
<!--Phoronix Test Suite v10.8.4-->
<PhoronixTestSuite>
  <TestInformation>
    <Title>CloudSuite In-Memory Analytics</Title>
    <AppVersion>4.0</AppVersion>
    <Description>CloudSuite In-Memory Analytics uses Apache Spark and runs a collaborative filtering algorithm in-memory on a dataset of user-movie ratings from Movielens.</Description>
    <ResultScale>ms</ResultScale>
    <Proportion>LIB</Proportion>
    <TimesToRun>3</TimesToRun>
  </TestInformation>
  <TestProfile>
    <Version>1.2.0</Version>
    <SupportedPlatforms>Linux</SupportedPlatforms>
    <SoftwareType>Utility</SoftwareType>
    <TestType>System</TestType>
    <License>Free</License>
    <Status>Verified</Status>
    <RequiresInternet>TRUE</RequiresInternet>
    <EnvironmentSize>700</EnvironmentSize>
    <ProjectURL>https://github.com/parsa-epfl/cloudsuite/blob/master/docs/benchmarks/in-memory-analytics.md</ProjectURL>
    <RepositoryURL>https://github.com/parsa-epfl/cloudsuite/</RepositoryURL>
    <InternalTags>Cloud, Docker</InternalTags>
    <Maintainer>Ahmed Eleliemy</Maintainer>
    <SystemDependencies>docker, bc</SystemDependencies>
  </TestProfile>
  <TestSettings>
    <Option>
      <DisplayName>Training Set Size</DisplayName>
      <Identifier>size</Identifier>
      <Menu>
        <Entry>
          <Name>Small</Name>
          <Value>/data/ml-latest-small</Value>
        </Entry>
        <Entry>
          <Name>Large</Name>
          <Value>/data/ml-latest</Value>
        </Entry>
      </Menu>
    </Option>
  </TestSettings>
</PhoronixTestSuite>
