<?xml version="1.0"?>
<!--Phoronix Test Suite v10.8.4-->
<PhoronixTestSuite>
  <TestInformation>
    <Title>Primesieve</Title>
    <AppVersion>12.6</AppVersion>
    <Description>Primesieve generates prime numbers using a highly optimized sieve of Eratosthenes implementation. Primesieve primarily benchmarks the CPU's L1/L2 cache performance.</Description>
    <ResultScale>Seconds</ResultScale>
    <Proportion>LIB</Proportion>
    <Executable>primesieve-test</Executable>
    <TimesToRun>3</TimesToRun>
  </TestInformation>
  <TestProfile>
    <Version>1.11.0</Version>
    <SupportedPlatforms>Linux, BSD, Solaris, MacOSX, Windows</SupportedPlatforms>
    <SoftwareType>Utility</SoftwareType>
    <TestType>Processor</TestType>
    <License>Free</License>
    <Status>Verified</Status>
    <ExternalDependencies>build-utilities, cmake</ExternalDependencies>
    <EnvironmentSize>3</EnvironmentSize>
    <ProjectURL>https://github.com/kimwalisch/primesieve</ProjectURL>
    <RepositoryURL>https://github.com/kimwalisch/primesieve</RepositoryURL>
    <InternalTags>SMP</InternalTags>
    <Maintainer>Kim Walisch</Maintainer>
  </TestProfile>
  <TestSettings>
    <Default>
      <PostArguments> --quiet --time</PostArguments>
    </Default>
    <Option>
      <DisplayName>Length</DisplayName>
      <Identifier>length</Identifier>
      <Menu>
        <Entry>
          <Name>1e12</Name>
          <Value>1e12</Value>
          <Message>Quickest</Message>
        </Entry>
        <Entry>
          <Name>1e13</Name>
          <Value>1e13</Value>
          <Message>Useful for higher core count systems</Message>
        </Entry>
      </Menu>
    </Option>
  </TestSettings>
</PhoronixTestSuite>
