<?xml version="1.0"?>
<!--Phoronix Test Suite v10.8.4-->
<PhoronixTestSuite>
  <TestInformation>
    <Title>CloudSuite Web Serving</Title>
    <Description>CloudSuite Web Serving is a Docker-based web server benchmark making use of a web server with Memcached and a MySQL database server.</Description>
    <ResultScale>ops/sec</ResultScale>
    <Proportion>HIB</Proportion>
    <TimesToRun>1</TimesToRun>
  </TestInformation>
  <TestProfile>
    <Version>1.1.0</Version>
    <SupportedPlatforms>Linux</SupportedPlatforms>
    <SoftwareType>Utility</SoftwareType>
    <TestType>System</TestType>
    <License>Free</License>
    <Status>Verified</Status>
    <RequiresInternet>TRUE</RequiresInternet>
    <EnvironmentSize>700</EnvironmentSize>
    <ProjectURL>https://github.com/parsa-epfl/cloudsuite/blob/CSv3/docs/benchmarks/web-serving.md</ProjectURL>
    <RepositoryURL>https://github.com/parsa-epfl/cloudsuite/</RepositoryURL>
    <InternalTags>Cloud, Podman</InternalTags>
    <Maintainer>Ahmed Eleliemy</Maintainer>
    <SystemDependencies>podman</SystemDependencies>
  </TestProfile>
  <TestSettings>
    <Option>
      <DisplayName>Load Scale</DisplayName>
      <Identifier>load-scale</Identifier>
      <Menu>
        <Entry>
          <Name>100</Name>
          <Value>100 --ramp-up=120</Value>
        </Entry>
        <Entry>
          <Name>400</Name>
          <Value>400 --ramp-up=440</Value>
        </Entry>
        <Entry>
          <Name>500</Name>
          <Value>500 --ramp-up=550</Value>
        </Entry>
      </Menu>
    </Option>
  </TestSettings>
</PhoronixTestSuite>
